<?xml version="1.0" encoding="UTF-8"?>
<testng-results ignored="0" total="1" passed="1" failed="0" skipped="0">
  <reporter-output>
  </reporter-output>
  <suite started-at="2022-10-10T17:22:15 CEST" name="Default suite" finished-at="2022-10-10T17:22:19 CEST" duration-ms="3406">
    <groups>
    </groups>
    <test started-at="2022-10-10T17:22:15 CEST" name="Default test" finished-at="2022-10-10T17:22:19 CEST" duration-ms="3406">
      <class name="tests.AdminCitiesTests">
        <test-method is-config="true" signature="beforeClass()[pri:0, instance:tests.AdminCitiesTests@306e95ec]" started-at="2022-10-10T17:22:15 CEST" name="beforeClass" finished-at="2022-10-10T17:22:17 CEST" duration-ms="1423" status="PASS">
          <reporter-output>
          </reporter-output>
        </test-method> <!-- beforeClass -->
        <test-method is-config="true" signature="beforeMethod()[pri:0, instance:tests.AdminCitiesTests@306e95ec]" started-at="2022-10-10T17:22:17 CEST" name="beforeMethod" finished-at="2022-10-10T17:22:18 CEST" duration-ms="1463" status="PASS">
          <reporter-output>
          </reporter-output>
        </test-method> <!-- beforeMethod -->
        <test-method signature="AddingProductToTheCart()[pri:10, instance:tests.AdminCitiesTests@306e95ec]" started-at="2022-10-10T17:22:18 CEST" name="AddingProductToTheCart" finished-at="2022-10-10T17:22:19 CEST" duration-ms="368" status="PASS">
          <reporter-output>
          </reporter-output>
        </test-method> <!-- AddingProductToTheCart -->
        <test-method is-config="true" signature="afterMethod()[pri:0, instance:tests.AdminCitiesTests@306e95ec]" started-at="2022-10-10T17:22:19 CEST" name="afterMethod" finished-at="2022-10-10T17:22:19 CEST" duration-ms="1" status="PASS">
          <reporter-output>
          </reporter-output>
        </test-method> <!-- afterMethod -->
        <test-method is-config="true" signature="afterClass()[pri:0, instance:tests.AdminCitiesTests@306e95ec]" started-at="2022-10-10T17:22:19 CEST" name="afterClass" finished-at="2022-10-10T17:22:19 CEST" duration-ms="128" status="PASS">
          <reporter-output>
          </reporter-output>
        </test-method> <!-- afterClass -->
      </class> <!-- tests.AdminCitiesTests -->
    </test> <!-- Default test -->
  </suite> <!-- Default suite -->
</testng-results>
